<?xml version="1.0" encoding="UTF-8"?>
<!-- Generated by org.testng.reporters.JUnitReportReporter -->
<testsuite hostname="SURYAM" failures="0" tests="1" name="driverFactory.AppTest" time="28.743" errors="0" timestamp="2024-03-04T16:15:49 IST" skipped="0">
  <testcase classname="driverFactory.AppTest" name="startTest" time="28.743"/>
  <system-out>
    <![CDATA[No of rows are::10
Incorrect user ID or password-----dashboard--------http://webapp.qedgetech.com/login.php
Incorrect user ID or password-----dashboard--------http://webapp.qedgetech.com/login.php
Username and password are Valid::dashboard------http://webapp.qedgetech.com/dashboard.php
Incorrect user ID or password-----dashboard--------http://webapp.qedgetech.com/login.php
Username and password are Valid::dashboard------http://webapp.qedgetech.com/dashboard.php
Incorrect user ID or password-----dashboard--------http://webapp.qedgetech.com/login.php
Incorrect user ID or password-----dashboard--------http://webapp.qedgetech.com/login.php
Username and password are Valid::dashboard------http://webapp.qedgetech.com/dashboard.php
Username and password are Valid::dashboard------http://webapp.qedgetech.com/dashboard.php
Username and password are Valid::dashboard------http://webapp.qedgetech.com/dashboard.php]]>
  </system-out>
</testsuite> <!-- driverFactory.AppTest -->
